{"/home/phpimentel/Documentos/Curso_Rocketseat/ignite/ignews/src/components/ActiveLink/index.tsx": {"path":"/home/phpimentel/Documentos/Curso_Rocketseat/ignite/ignews/src/components/ActiveLink/index.tsx","statementMap":{"0":{"start":{"line":11,"column":21},"end":{"line":11,"column":32}},"1":{"start":{"line":13,"column":20},"end":{"line":15,"column":8}},"2":{"start":{"line":17,"column":2},"end":{"line":23,"column":3}}},"fnMap":{"0":{"name":"ActiveLink","decl":{"start":{"line":10,"column":16},"end":{"line":10,"column":26}},"loc":{"start":{"line":10,"column":84},"end":{"line":24,"column":1}},"line":10}},"branchMap":{"0":{"loc":{"start":{"line":13,"column":20},"end":{"line":15,"column":8}},"type":"cond-expr","locations":[{"start":{"line":14,"column":6},"end":{"line":14,"column":21}},{"start":{"line":15,"column":6},"end":{"line":15,"column":8}}],"line":13}},"s":{"0":4,"1":4,"2":4},"f":{"0":4},"b":{"0":[3,1]},"_coverageSchema":"1a1c01bbd47fc00a2c39e90264f33305004495a9","hash":"5695caf758b724385e08fcfed4288aa1ad6eb6b3"}
,"/home/phpimentel/Documentos/Curso_Rocketseat/ignite/ignews/src/components/Async/index.tsx": {"path":"/home/phpimentel/Documentos/Curso_Rocketseat/ignite/ignews/src/components/Async/index.tsx","statementMap":{"0":{"start":{"line":4,"column":50},"end":{"line":4,"column":65}},"1":{"start":{"line":6,"column":4},"end":{"line":10,"column":10}},"2":{"start":{"line":7,"column":8},"end":{"line":9,"column":16}},"3":{"start":{"line":8,"column":12},"end":{"line":8,"column":36}},"4":{"start":{"line":12,"column":4},"end":{"line":17,"column":5}}},"fnMap":{"0":{"name":"Async","decl":{"start":{"line":3,"column":16},"end":{"line":3,"column":21}},"loc":{"start":{"line":3,"column":24},"end":{"line":18,"column":1}},"line":3},"1":{"name":"(anonymous_1)","decl":{"start":{"line":6,"column":14},"end":{"line":6,"column":15}},"loc":{"start":{"line":6,"column":20},"end":{"line":10,"column":5}},"line":6},"2":{"name":"(anonymous_2)","decl":{"start":{"line":7,"column":19},"end":{"line":7,"column":20}},"loc":{"start":{"line":7,"column":25},"end":{"line":9,"column":9}},"line":7}},"branchMap":{"0":{"loc":{"start":{"line":15,"column":14},"end":{"line":15,"column":56}},"type":"binary-expr","locations":[{"start":{"line":15,"column":14},"end":{"line":15,"column":29}},{"start":{"line":15,"column":33},"end":{"line":15,"column":56}}],"line":15}},"s":{"0":2,"1":2,"2":1,"3":1,"4":2},"f":{"0":2,"1":1,"2":1},"b":{"0":[2,1]},"_coverageSchema":"1a1c01bbd47fc00a2c39e90264f33305004495a9","hash":"db3b259d4a2ec7181ac28dd051b4af6b2c416be4"}
,"/home/phpimentel/Documentos/Curso_Rocketseat/ignite/ignews/src/components/Header/index.tsx": {"path":"/home/phpimentel/Documentos/Curso_Rocketseat/ignite/ignews/src/components/Header/index.tsx","statementMap":{"0":{"start":{"line":7,"column":2},"end":{"line":22,"column":4}}},"fnMap":{"0":{"name":"Header","decl":{"start":{"line":6,"column":16},"end":{"line":6,"column":22}},"loc":{"start":{"line":6,"column":25},"end":{"line":23,"column":1}},"line":6}},"branchMap":{},"s":{"0":1},"f":{"0":1},"b":{},"_coverageSchema":"1a1c01bbd47fc00a2c39e90264f33305004495a9","hash":"c081c9f1449f0a50ce56bd5f51c42940f51882da"}
,"/home/phpimentel/Documentos/Curso_Rocketseat/ignite/ignews/src/components/SigInButton/index.tsx": {"path":"/home/phpimentel/Documentos/Curso_Rocketseat/ignite/ignews/src/components/SigInButton/index.tsx","statementMap":{"0":{"start":{"line":8,"column":36},"end":{"line":8,"column":48}},"1":{"start":{"line":10,"column":21},"end":{"line":10,"column":47}},"2":{"start":{"line":12,"column":2},"end":{"line":31,"column":4}},"3":{"start":{"line":16,"column":23},"end":{"line":16,"column":32}},"4":{"start":{"line":26,"column":25},"end":{"line":26,"column":40}}},"fnMap":{"0":{"name":"SigInButton","decl":{"start":{"line":7,"column":16},"end":{"line":7,"column":27}},"loc":{"start":{"line":7,"column":30},"end":{"line":32,"column":1}},"line":7},"1":{"name":"(anonymous_1)","decl":{"start":{"line":16,"column":15},"end":{"line":16,"column":16}},"loc":{"start":{"line":16,"column":21},"end":{"line":16,"column":34}},"line":16},"2":{"name":"(anonymous_2)","decl":{"start":{"line":26,"column":17},"end":{"line":26,"column":18}},"loc":{"start":{"line":26,"column":23},"end":{"line":26,"column":42}},"line":26}},"branchMap":{"0":{"loc":{"start":{"line":12,"column":9},"end":{"line":31,"column":3}},"type":"cond-expr","locations":[{"start":{"line":13,"column":4},"end":{"line":21,"column":13}},{"start":{"line":23,"column":6},"end":{"line":30,"column":15}}],"line":12}},"s":{"0":3,"1":3,"2":3,"3":0,"4":0},"f":{"0":3,"1":0,"2":0},"b":{"0":[1,2]},"_coverageSchema":"1a1c01bbd47fc00a2c39e90264f33305004495a9","hash":"c8b0f192ca0956fea1a1bb67dc95e65c40ee0bc7"}
,"/home/phpimentel/Documentos/Curso_Rocketseat/ignite/ignews/src/components/SubscribeButton/index.tsx": {"path":"/home/phpimentel/Documentos/Curso_Rocketseat/ignite/ignews/src/components/SubscribeButton/index.tsx","statementMap":{"0":{"start":{"line":8,"column":36},"end":{"line":8,"column":48}},"1":{"start":{"line":10,"column":21},"end":{"line":10,"column":47}},"2":{"start":{"line":12,"column":17},"end":{"line":12,"column":28}},"3":{"start":{"line":15,"column":4},"end":{"line":18,"column":5}},"4":{"start":{"line":16,"column":6},"end":{"line":16,"column":22}},"5":{"start":{"line":17,"column":6},"end":{"line":17,"column":13}},"6":{"start":{"line":20,"column":4},"end":{"line":23,"column":5}},"7":{"start":{"line":21,"column":6},"end":{"line":21,"column":27}},"8":{"start":{"line":22,"column":6},"end":{"line":22,"column":13}},"9":{"start":{"line":25,"column":4},"end":{"line":35,"column":5}},"10":{"start":{"line":26,"column":23},"end":{"line":26,"column":51}},"11":{"start":{"line":28,"column":28},"end":{"line":28,"column":41}},"12":{"start":{"line":30,"column":21},"end":{"line":30,"column":40}},"13":{"start":{"line":32,"column":6},"end":{"line":32,"column":52}},"14":{"start":{"line":34,"column":6},"end":{"line":34,"column":26}},"15":{"start":{"line":38,"column":2},"end":{"line":46,"column":4}}},"fnMap":{"0":{"name":"SubscribeButton","decl":{"start":{"line":7,"column":16},"end":{"line":7,"column":31}},"loc":{"start":{"line":7,"column":34},"end":{"line":47,"column":1}},"line":7},"1":{"name":"handleSubscribe","decl":{"start":{"line":14,"column":17},"end":{"line":14,"column":32}},"loc":{"start":{"line":14,"column":35},"end":{"line":36,"column":3}},"line":14}},"branchMap":{"0":{"loc":{"start":{"line":15,"column":4},"end":{"line":18,"column":5}},"type":"if","locations":[{"start":{"line":15,"column":4},"end":{"line":18,"column":5}},{"start":{},"end":{}}],"line":15},"1":{"loc":{"start":{"line":20,"column":4},"end":{"line":23,"column":5}},"type":"if","locations":[{"start":{"line":20,"column":4},"end":{"line":23,"column":5}},{"start":{},"end":{}}],"line":20}},"s":{"0":4,"1":4,"2":4,"3":2,"4":1,"5":1,"6":1,"7":1,"8":1,"9":0,"10":0,"11":0,"12":0,"13":0,"14":0,"15":4},"f":{"0":4,"1":2},"b":{"0":[1,1],"1":[1,0]},"_coverageSchema":"1a1c01bbd47fc00a2c39e90264f33305004495a9","hash":"854e73d15cfca7c0608bb14385a2ddc6ec32303b"}
,"/home/phpimentel/Documentos/Curso_Rocketseat/ignite/ignews/src/pages/index.tsx": {"path":"/home/phpimentel/Documentos/Curso_Rocketseat/ignite/ignews/src/pages/index.tsx","statementMap":{"0":{"start":{"line":18,"column":4},"end":{"line":38,"column":5}},"1":{"start":{"line":42,"column":46},"end":{"line":59,"column":1}},"2":{"start":{"line":43,"column":18},"end":{"line":43,"column":80}},"3":{"start":{"line":45,"column":20},"end":{"line":51,"column":5}},"4":{"start":{"line":53,"column":4},"end":{"line":58,"column":5}}},"fnMap":{"0":{"name":"Home","decl":{"start":{"line":17,"column":24},"end":{"line":17,"column":28}},"loc":{"start":{"line":17,"column":53},"end":{"line":39,"column":1}},"line":17},"1":{"name":"(anonymous_1)","decl":{"start":{"line":42,"column":46},"end":{"line":42,"column":47}},"loc":{"start":{"line":42,"column":58},"end":{"line":59,"column":1}},"line":42}},"branchMap":{},"s":{"0":1,"1":1,"2":1,"3":1,"4":1},"f":{"0":1,"1":1},"b":{},"_coverageSchema":"1a1c01bbd47fc00a2c39e90264f33305004495a9","hash":"561e0b8018acb704382d1666ab3ff2b8e9772568"}
,"/home/phpimentel/Documentos/Curso_Rocketseat/ignite/ignews/src/pages/posts/[slug].tsx": {"path":"/home/phpimentel/Documentos/Curso_Rocketseat/ignite/ignews/src/pages/posts/[slug].tsx","statementMap":{"0":{"start":{"line":20,"column":2},"end":{"line":36,"column":3}},"1":{"start":{"line":39,"column":54},"end":{"line":72,"column":1}},"2":{"start":{"line":40,"column":18},"end":{"line":40,"column":43}},"3":{"start":{"line":41,"column":19},"end":{"line":41,"column":25}},"4":{"start":{"line":43,"column":2},"end":{"line":50,"column":3}},"5":{"start":{"line":44,"column":4},"end":{"line":49,"column":5}},"6":{"start":{"line":52,"column":18},"end":{"line":52,"column":39}},"7":{"start":{"line":54,"column":19},"end":{"line":54,"column":72}},"8":{"start":{"line":56,"column":15},"end":{"line":65,"column":3}},"9":{"start":{"line":67,"column":2},"end":{"line":71,"column":3}}},"fnMap":{"0":{"name":"Post","decl":{"start":{"line":19,"column":24},"end":{"line":19,"column":28}},"loc":{"start":{"line":19,"column":50},"end":{"line":37,"column":1}},"line":19},"1":{"name":"(anonymous_1)","decl":{"start":{"line":39,"column":54},"end":{"line":39,"column":55}},"loc":{"start":{"line":39,"column":81},"end":{"line":72,"column":1}},"line":39}},"branchMap":{"0":{"loc":{"start":{"line":43,"column":2},"end":{"line":50,"column":3}},"type":"if","locations":[{"start":{"line":43,"column":2},"end":{"line":50,"column":3}},{"start":{},"end":{}}],"line":43}},"s":{"0":1,"1":1,"2":2,"3":2,"4":2,"5":1,"6":1,"7":1,"8":1,"9":1},"f":{"0":1,"1":2},"b":{"0":[1,1]},"_coverageSchema":"1a1c01bbd47fc00a2c39e90264f33305004495a9","hash":"60e00edd9423c5f6ced616602ada482bfb2e5e84"}
,"/home/phpimentel/Documentos/Curso_Rocketseat/ignite/ignews/src/pages/posts/index.tsx": {"path":"/home/phpimentel/Documentos/Curso_Rocketseat/ignite/ignews/src/pages/posts/index.tsx","statementMap":{"0":{"start":{"line":25,"column":2},"end":{"line":45,"column":4}},"1":{"start":{"line":34,"column":12},"end":{"line":40,"column":19}},"2":{"start":{"line":48,"column":46},"end":{"line":76,"column":1}},"3":{"start":{"line":49,"column":18},"end":{"line":49,"column":36}},"4":{"start":{"line":51,"column":19},"end":{"line":56,"column":4}},"5":{"start":{"line":58,"column":16},"end":{"line":69,"column":4}},"6":{"start":{"line":59,"column":4},"end":{"line":68,"column":5}},"7":{"start":{"line":62,"column":49},"end":{"line":62,"column":77}},"8":{"start":{"line":71,"column":2},"end":{"line":75,"column":3}}},"fnMap":{"0":{"name":"Posts","decl":{"start":{"line":24,"column":24},"end":{"line":24,"column":29}},"loc":{"start":{"line":24,"column":53},"end":{"line":46,"column":1}},"line":24},"1":{"name":"(anonymous_1)","decl":{"start":{"line":33,"column":22},"end":{"line":33,"column":23}},"loc":{"start":{"line":34,"column":12},"end":{"line":40,"column":19}},"line":34},"2":{"name":"(anonymous_2)","decl":{"start":{"line":48,"column":46},"end":{"line":48,"column":47}},"loc":{"start":{"line":48,"column":58},"end":{"line":76,"column":1}},"line":48},"3":{"name":"(anonymous_3)","decl":{"start":{"line":58,"column":37},"end":{"line":58,"column":38}},"loc":{"start":{"line":58,"column":45},"end":{"line":69,"column":3}},"line":58},"4":{"name":"(anonymous_4)","decl":{"start":{"line":62,"column":38},"end":{"line":62,"column":39}},"loc":{"start":{"line":62,"column":49},"end":{"line":62,"column":77}},"line":62}},"branchMap":{"0":{"loc":{"start":{"line":62,"column":15},"end":{"line":62,"column":90}},"type":"binary-expr","locations":[{"start":{"line":62,"column":15},"end":{"line":62,"column":84}},{"start":{"line":62,"column":88},"end":{"line":62,"column":90}}],"line":62}},"s":{"0":1,"1":1,"2":1,"3":1,"4":1,"5":1,"6":1,"7":1,"8":1},"f":{"0":1,"1":1,"2":1,"3":1,"4":1},"b":{"0":[1,0]},"_coverageSchema":"1a1c01bbd47fc00a2c39e90264f33305004495a9","hash":"9c73b7bfee3146003467b4aa72e52417bb9de8cd"}
,"/home/phpimentel/Documentos/Curso_Rocketseat/ignite/ignews/src/pages/posts/preview/[slug].tsx": {"path":"/home/phpimentel/Documentos/Curso_Rocketseat/ignite/ignews/src/pages/posts/preview/[slug].tsx","statementMap":{"0":{"start":{"line":23,"column":36},"end":{"line":23,"column":48}},"1":{"start":{"line":25,"column":17},"end":{"line":25,"column":28}},"2":{"start":{"line":27,"column":2},"end":{"line":31,"column":15}},"3":{"start":{"line":28,"column":4},"end":{"line":30,"column":5}},"4":{"start":{"line":29,"column":6},"end":{"line":29,"column":40}},"5":{"start":{"line":34,"column":2},"end":{"line":58,"column":3}},"6":{"start":{"line":61,"column":46},"end":{"line":66,"column":1}},"7":{"start":{"line":62,"column":2},"end":{"line":65,"column":3}},"8":{"start":{"line":68,"column":46},"end":{"line":92,"column":1}},"9":{"start":{"line":69,"column":19},"end":{"line":69,"column":25}},"10":{"start":{"line":71,"column":18},"end":{"line":71,"column":36}},"11":{"start":{"line":73,"column":19},"end":{"line":73,"column":72}},"12":{"start":{"line":75,"column":15},"end":{"line":84,"column":3}},"13":{"start":{"line":86,"column":2},"end":{"line":91,"column":3}}},"fnMap":{"0":{"name":"PostPreview","decl":{"start":{"line":22,"column":24},"end":{"line":22,"column":35}},"loc":{"start":{"line":22,"column":64},"end":{"line":59,"column":1}},"line":22},"1":{"name":"(anonymous_1)","decl":{"start":{"line":27,"column":12},"end":{"line":27,"column":13}},"loc":{"start":{"line":27,"column":18},"end":{"line":31,"column":3}},"line":27},"2":{"name":"(anonymous_2)","decl":{"start":{"line":61,"column":46},"end":{"line":61,"column":47}},"loc":{"start":{"line":61,"column":58},"end":{"line":66,"column":1}},"line":61},"3":{"name":"(anonymous_3)","decl":{"start":{"line":68,"column":46},"end":{"line":68,"column":47}},"loc":{"start":{"line":68,"column":68},"end":{"line":92,"column":1}},"line":68}},"branchMap":{"0":{"loc":{"start":{"line":28,"column":4},"end":{"line":30,"column":5}},"type":"if","locations":[{"start":{"line":28,"column":4},"end":{"line":30,"column":5}},{"start":{},"end":{}}],"line":28}},"s":{"0":2,"1":2,"2":2,"3":2,"4":1,"5":2,"6":1,"7":0,"8":1,"9":1,"10":1,"11":1,"12":1,"13":1},"f":{"0":2,"1":2,"2":0,"3":1},"b":{"0":[1,1]},"_coverageSchema":"1a1c01bbd47fc00a2c39e90264f33305004495a9","hash":"46ac5f09712b285bda770cf32200e2f9c5fe60b5"}
,"/home/phpimentel/Documentos/Curso_Rocketseat/ignite/ignews/src/services/api.ts": {"path":"/home/phpimentel/Documentos/Curso_Rocketseat/ignite/ignews/src/services/api.ts","statementMap":{"0":{"start":{"line":3,"column":19},"end":{"line":5,"column":2}}},"fnMap":{},"branchMap":{},"s":{"0":2},"f":{},"b":{},"_coverageSchema":"1a1c01bbd47fc00a2c39e90264f33305004495a9","hash":"e77da5035a170602f557f7c7ff4d8606dfa1d4cb"}
,"/home/phpimentel/Documentos/Curso_Rocketseat/ignite/ignews/src/services/prismic.ts": {"path":"/home/phpimentel/Documentos/Curso_Rocketseat/ignite/ignews/src/services/prismic.ts","statementMap":{"0":{"start":{"line":4,"column":18},"end":{"line":10,"column":3}},"1":{"start":{"line":12,"column":2},"end":{"line":12,"column":17}}},"fnMap":{"0":{"name":"getPrismicClient","decl":{"start":{"line":3,"column":16},"end":{"line":3,"column":32}},"loc":{"start":{"line":3,"column":48},"end":{"line":13,"column":1}},"line":3}},"branchMap":{},"s":{"0":0,"1":0},"f":{"0":0},"b":{},"_coverageSchema":"1a1c01bbd47fc00a2c39e90264f33305004495a9","hash":"7a62dbd6ad41e1be1de4dc3093fb08c337dafa8e"}
,"/home/phpimentel/Documentos/Curso_Rocketseat/ignite/ignews/src/services/stripe-js.ts": {"path":"/home/phpimentel/Documentos/Curso_Rocketseat/ignite/ignews/src/services/stripe-js.ts","statementMap":{"0":{"start":{"line":4,"column":19},"end":{"line":4,"column":78}},"1":{"start":{"line":6,"column":2},"end":{"line":6,"column":17}}},"fnMap":{"0":{"name":"getStripeJs","decl":{"start":{"line":3,"column":22},"end":{"line":3,"column":33}},"loc":{"start":{"line":3,"column":36},"end":{"line":7,"column":1}},"line":3}},"branchMap":{},"s":{"0":0,"1":0},"f":{"0":0},"b":{},"_coverageSchema":"1a1c01bbd47fc00a2c39e90264f33305004495a9","hash":"14ef6f54640b3d35df7295b0e3941222af640375"}
,"/home/phpimentel/Documentos/Curso_Rocketseat/ignite/ignews/src/services/stripe.ts": {"path":"/home/phpimentel/Documentos/Curso_Rocketseat/ignite/ignews/src/services/stripe.ts","statementMap":{"0":{"start":{"line":4,"column":22},"end":{"line":13,"column":1}}},"fnMap":{},"branchMap":{},"s":{"0":1},"f":{},"b":{},"_coverageSchema":"1a1c01bbd47fc00a2c39e90264f33305004495a9","hash":"69f421c58ba1096ee5fc622924acdfbc6617ccb3"}
}
