TN:
SF:src/components/ActiveLink/index.tsx
FN:10,ActiveLink
FNF:1
FNH:1
FNDA:4,ActiveLink
DA:11,4
DA:13,4
DA:17,4
LF:3
LH:3
BRDA:13,0,0,3
BRDA:13,0,1,1
BRF:2
BRH:2
end_of_record
TN:
SF:src/components/Async/index.tsx
FN:3,Async
FN:6,(anonymous_1)
FN:7,(anonymous_2)
FNF:3
FNH:3
FNDA:2,Async
FNDA:1,(anonymous_1)
FNDA:1,(anonymous_2)
DA:4,2
DA:6,2
DA:7,1
DA:8,1
DA:12,2
LF:5
LH:5
BRDA:15,0,0,2
BRDA:15,0,1,1
BRF:2
BRH:2
end_of_record
TN:
SF:src/components/Header/index.tsx
FN:6,Header
FNF:1
FNH:1
FNDA:1,Header
DA:7,1
LF:1
LH:1
BRF:0
BRH:0
end_of_record
TN:
SF:src/components/SigInButton/index.tsx
FN:7,SigInButton
FN:16,(anonymous_1)
FN:26,(anonymous_2)
FNF:3
FNH:1
FNDA:3,SigInButton
FNDA:0,(anonymous_1)
FNDA:0,(anonymous_2)
DA:8,3
DA:10,3
DA:12,3
DA:16,0
DA:26,0
LF:5
LH:3
BRDA:12,0,0,1
BRDA:12,0,1,2
BRF:2
BRH:2
end_of_record
TN:
SF:src/components/SubscribeButton/index.tsx
FN:7,SubscribeButton
FN:14,handleSubscribe
FNF:2
FNH:2
FNDA:4,SubscribeButton
FNDA:2,handleSubscribe
DA:8,4
DA:10,4
DA:12,4
DA:15,2
DA:16,1
DA:17,1
DA:20,1
DA:21,1
DA:22,1
DA:25,0
DA:26,0
DA:28,0
DA:30,0
DA:32,0
DA:34,0
DA:38,4
LF:16
LH:10
BRDA:15,0,0,1
BRDA:15,0,1,1
BRDA:20,1,0,1
BRDA:20,1,1,0
BRF:4
BRH:3
end_of_record
TN:
SF:src/pages/index.tsx
FN:17,Home
FN:42,(anonymous_1)
FNF:2
FNH:2
FNDA:1,Home
FNDA:1,(anonymous_1)
DA:18,1
DA:42,1
DA:43,1
DA:45,1
DA:53,1
LF:5
LH:5
BRF:0
BRH:0
end_of_record
TN:
SF:src/pages/posts/[slug].tsx
FN:19,Post
FN:39,(anonymous_1)
FNF:2
FNH:2
FNDA:1,Post
FNDA:2,(anonymous_1)
DA:20,1
DA:39,1
DA:40,2
DA:41,2
DA:43,2
DA:44,1
DA:52,1
DA:54,1
DA:56,1
DA:67,1
LF:10
LH:10
BRDA:43,0,0,1
BRDA:43,0,1,1
BRF:2
BRH:2
end_of_record
TN:
SF:src/pages/posts/index.tsx
FN:24,Posts
FN:33,(anonymous_1)
FN:48,(anonymous_2)
FN:58,(anonymous_3)
FN:62,(anonymous_4)
FNF:5
FNH:5
FNDA:1,Posts
FNDA:1,(anonymous_1)
FNDA:1,(anonymous_2)
FNDA:1,(anonymous_3)
FNDA:1,(anonymous_4)
DA:25,1
DA:34,1
DA:48,1
DA:49,1
DA:51,1
DA:58,1
DA:59,1
DA:62,1
DA:71,1
LF:9
LH:9
BRDA:62,0,0,1
BRDA:62,0,1,0
BRF:2
BRH:1
end_of_record
TN:
SF:src/pages/posts/preview/[slug].tsx
FN:22,PostPreview
FN:27,(anonymous_1)
FN:61,(anonymous_2)
FN:68,(anonymous_3)
FNF:4
FNH:3
FNDA:2,PostPreview
FNDA:2,(anonymous_1)
FNDA:0,(anonymous_2)
FNDA:1,(anonymous_3)
DA:23,2
DA:25,2
DA:27,2
DA:28,2
DA:29,1
DA:34,2
DA:61,1
DA:62,0
DA:68,1
DA:69,1
DA:71,1
DA:73,1
DA:75,1
DA:86,1
LF:14
LH:13
BRDA:28,0,0,1
BRDA:28,0,1,1
BRF:2
BRH:2
end_of_record
TN:
SF:src/services/api.ts
FNF:0
FNH:0
DA:3,2
LF:1
LH:1
BRF:0
BRH:0
end_of_record
TN:
SF:src/services/prismic.ts
FN:3,getPrismicClient
FNF:1
FNH:0
FNDA:0,getPrismicClient
DA:4,0
DA:12,0
LF:2
LH:0
BRF:0
BRH:0
end_of_record
TN:
SF:src/services/stripe-js.ts
FN:3,getStripeJs
FNF:1
FNH:0
FNDA:0,getStripeJs
DA:4,0
DA:6,0
LF:2
LH:0
BRF:0
BRH:0
end_of_record
TN:
SF:src/services/stripe.ts
FNF:0
FNH:0
DA:4,1
LF:1
LH:1
BRF:0
BRH:0
end_of_record
